     1                                  start:
     2 00000000 B800B8                  	mov ax,0xB800
     3 00000003 8ED8                    	mov ds,ax
     4                                  	;mov ds,0xB800	错误的!
     5                                  
     6 00000005 C606000048              	mov byte [0x00],'H'
     7 0000000A C606010081              	mov byte [0x01],0b10000001
     8                                  
     9 0000000F C606020065              	mov byte [0x02],'e'
    10 00000014 C606030081              	mov byte [0x03],0b10000001
    11                                  
    12 00000019 C60604006C              	mov byte [0x04],'l'
    13 0000001E C606050081              	mov byte [0x05],0b10000001
    14                                  
    15 00000023 C60606006C              	mov byte [0x06],'l'
    16 00000028 C606070081              	mov byte [0x07],0b10000001
    17                                  
    18 0000002D C60608006F              	mov byte [0x08],'o'
    19 00000032 C606090081              	mov byte [0x09],0b10000001
    20                                  
    21 00000037 C6060A0020              	mov byte [0x0a],' '
    22 0000003C C6060B0000              	mov byte [0x0b],0b00000000
    23                                  
    24 00000041 C6060C0057              	mov byte [0x0c],'W'
    25 00000046 C6060D0081              	mov byte [0x0d],0b10000001
    26                                  
    27 0000004B C6060E006F              	mov byte [0x0e],'o'
    28 00000050 C6060F0081              	mov byte [0x0f],0b10000001
    29                                  
    30 00000055 C606100072              	mov byte [0x10],'r'
    31 0000005A C606110081              	mov byte [0x11],0b10000001
    32                                  
    33 0000005F C60612006C              	mov byte [0x12],'l'
    34 00000064 C606130081              	mov byte [0x13],0b10000001
    35                                  
    36 00000069 C606140064              	mov byte [0x14],'d'
    37 0000006E C606150081              	mov byte [0x15],0b10000001
    38                                  
    39 00000073 EA007C0000              	jmp 0x0000:0x7c00  ; jmp start
    40                                  current:
    41 00000078 00<rep 186h>            	times 510-(current-start) db 0   ;; 或 510-($-$$)
    42 000001FE 55AA                    	db 0x55,0xAA
